file:D:/Programs/Git/etc/gitconfig	diff.astextplain.textconv=astextplain
file:D:/Programs/Git/etc/gitconfig	filter.lfs.clean=git-lfs clean -- %f
file:D:/Programs/Git/etc/gitconfig	filter.lfs.smudge=git-lfs smudge -- %f
file:D:/Programs/Git/etc/gitconfig	filter.lfs.process=git-lfs filter-process
file:D:/Programs/Git/etc/gitconfig	filter.lfs.required=true
file:D:/Programs/Git/etc/gitconfig	http.sslbackend=openssl
file:D:/Programs/Git/etc/gitconfig	http.sslcainfo=D:/Programs/Git/mingw64/etc/ssl/certs/ca-bundle.crt
file:D:/Programs/Git/etc/gitconfig	core.autocrlf=true
file:D:/Programs/Git/etc/gitconfig	core.fscache=true
file:D:/Programs/Git/etc/gitconfig	core.symlinks=false
file:D:/Programs/Git/etc/gitconfig	pull.rebase=false
file:D:/Programs/Git/etc/gitconfig	credential.helper=manager
file:D:/Programs/Git/etc/gitconfig	credential.https://dev.azure.com.usehttppath=true
file:D:/Programs/Git/etc/gitconfig	init.defaultbranch=master
file:C:/Users/dmitr/.gitconfig	user.name=DKondrasevskij05
file:C:/Users/dmitr/.gitconfig	user.email=151103931+DKondrasevskij05@users.noreply.github.com
file:C:/Users/dmitr/.gitconfig	filter.lfs.process=git-lfs filter-process
file:C:/Users/dmitr/.gitconfig	filter.lfs.required=true
file:C:/Users/dmitr/.gitconfig	filter.lfs.clean=git-lfs clean -- %f
file:C:/Users/dmitr/.gitconfig	filter.lfs.smudge=git-lfs smudge -- %f
file:C:/Users/dmitr/.gitconfig	init.defaultbranch=main
file:C:/Users/dmitr/.gitconfig	alias.logo=log --oneline
file:C:/Users/dmitr/.gitconfig	alias.logf=log
file:C:/Users/dmitr/.gitconfig	alias.mylog=log --pretty=<your_format>
file:C:/Users/dmitr/.gitconfig	alias.log-search-code=log -S<code_fragment>
file:C:/Users/dmitr/.gitconfig	alias.log-search-message=log --grep='<message_fragment>'
file:C:/Users/dmitr/.gitconfig	alias.logg=log --graph --oneline --all
file:C:/Users/dmitr/.gitconfig	alias.loglast=log -1 HEAD
file:.git/config	core.repositoryformatversion=0
file:.git/config	core.filemode=false
file:.git/config	core.bare=false
file:.git/config	core.logallrefupdates=true
file:.git/config	core.symlinks=false
file:.git/config	core.ignorecase=true
file:.git/config	remote.origin.url=https://github.com/DKondrasevskij05/hello-world.git
file:.git/config	remote.origin.fetch=+refs/heads/*:refs/remotes/origin/*
file:.git/config	branch.main.remote=origin
file:.git/config	branch.main.merge=refs/heads/main
file:.git/config	lfs.repositoryformatversion=0
